<?xml version="1.0" encoding="UTF-8"?>
<!-- Generated by org.testng.reporters.JUnitReportReporter -->
<testsuite skipped="0" hostname="ADPRO-004188" name="LoadPage.loadPage" tests="1" failures="0" timestamp="12 Jan 2018 04:30:28 GMT" time="0.968" errors="0">
  <testcase name="checkStatusCode" time="0.968" classname="LoadPage.loadPage"/>
</testsuite> <!-- LoadPage.loadPage -->
